0 info it worked if it ends with ok
1 verbose cli [
1 verbose cli   'C:\\Program Files\\nodejs\\node.exe',
1 verbose cli   'C:\\Program Files\\nodejs\\node_modules\\npm\\bin\\npm-cli.js',
1 verbose cli   'run',
1 verbose cli   'electron'
1 verbose cli ]
2 info using npm@6.14.15
3 info using node@v12.22.7
4 verbose run-script [ 'preelectron', 'electron', 'postelectron' ]
5 info lifecycle excelReadWrite@1.0.0~preelectron: excelReadWrite@1.0.0
6 info lifecycle excelReadWrite@1.0.0~electron: excelReadWrite@1.0.0
7 verbose lifecycle excelReadWrite@1.0.0~electron: unsafe-perm in lifecycle true
8 verbose lifecycle excelReadWrite@1.0.0~electron: PATH: C:\Program Files\nodejs\node_modules\npm\node_modules\npm-lifecycle\node-gyp-bin;C:\Users\Philip.putnam\Documents\Work Projects\electron\excelReadWrite\node_modules\.bin;P:\bin;C:\Users\Philip.putnam\AppData\Local\Programs\Git\mingw64\bin;C:\Users\Philip.putnam\AppData\Local\Programs\Git\usr\local\bin;C:\Users\Philip.putnam\AppData\Local\Programs\Git\usr\bin;C:\Users\Philip.putnam\AppData\Local\Programs\Git\usr\bin;C:\Users\Philip.putnam\AppData\Local\Programs\Git\mingw64\bin;C:\Users\Philip.putnam\AppData\Local\Programs\Git\usr\bin;P:\bin;C:\WINDOWS\system32;C:\WINDOWS;C:\WINDOWS\System32\Wbem;C:\WINDOWS\System32\WindowsPowerShell\v1.0;C:\ProgramData\chocolatey\bin;C:\Program Files (x86)\Plantronics\Spokes3G;C:\WINDOWS\System32\OpenSSH;C:\Strawberry\c\bin;C:\Strawberry\perl\site\bin;C:\Strawberry\perl\bin;C:\Program Files\TortoiseSVN\bin;C:\Program Files\PuTTY;C:\Program Files\nodejs;C:\Users\Philip.putnam\AppData\Local\Microsoft\WindowsApps;C:\Users\Philip.putnam\AppData\Local\Programs\Microsoft VS Code\bin;C:\Users\Philip.putnam\AppData\Local\GitHubDesktop\bin;C:\Users\Philip.putnam\AppData\Local\Programs\Git\cmd;C:\Users\Philip.putnam\AppData\Roaming\npm;%USERPROFILE%\AppData\Local\Microsoft\WindowsApps;C:\Users\Philip.putnam\Documents\ffmpeg\ffmpeg-20200831-4a11a6f-win64-static\bin;C:\Users\Philip.putnam\AppData\Local\Programs\Git\usr\bin\vendor_perl;C:\Users\Philip.putnam\AppData\Local\Programs\Git\usr\bin\core_perl
9 verbose lifecycle excelReadWrite@1.0.0~electron: CWD: C:\Users\Philip.putnam\Documents\Work Projects\electron\excelReadWrite
10 silly lifecycle excelReadWrite@1.0.0~electron: Args: [ '/d /s /c', 'electron .' ]
11 silly lifecycle excelReadWrite@1.0.0~electron: Returned: code: 3221225477  signal: null
12 info lifecycle excelReadWrite@1.0.0~electron: Failed to exec electron script
13 verbose stack Error: excelReadWrite@1.0.0 electron: `electron .`
13 verbose stack Exit status 3221225477
13 verbose stack     at EventEmitter.<anonymous> (C:\Program Files\nodejs\node_modules\npm\node_modules\npm-lifecycle\index.js:332:16)
13 verbose stack     at EventEmitter.emit (events.js:314:20)
13 verbose stack     at ChildProcess.<anonymous> (C:\Program Files\nodejs\node_modules\npm\node_modules\npm-lifecycle\lib\spawn.js:55:14)
13 verbose stack     at ChildProcess.emit (events.js:314:20)
13 verbose stack     at maybeClose (internal/child_process.js:1022:16)
13 verbose stack     at Process.ChildProcess._handle.onexit (internal/child_process.js:287:5)
14 verbose pkgid excelReadWrite@1.0.0
15 verbose cwd C:\Users\Philip.putnam\Documents\Work Projects\electron\excelReadWrite
16 verbose Windows_NT 10.0.18363
17 verbose argv "C:\\Program Files\\nodejs\\node.exe" "C:\\Program Files\\nodejs\\node_modules\\npm\\bin\\npm-cli.js" "run" "electron"
18 verbose node v12.22.7
19 verbose npm  v6.14.15
20 error code ELIFECYCLE
21 error errno 3221225477
22 error excelReadWrite@1.0.0 electron: `electron .`
22 error Exit status 3221225477
23 error Failed at the excelReadWrite@1.0.0 electron script.
23 error This is probably not a problem with npm. There is likely additional logging output above.
24 verbose exit [ 3221225477, true ]
